<?xml version="1.0" encoding="UTF-8"?>
<!-- Generated by org.testng.reporters.JUnitXMLReporter -->
<testsuite hostname="RiddhiManoj" ignored="0" name="Test" tests="4" failures="0" timestamp="2021-05-06T20:18:16 IST" time="0.065" errors="0">
  <testcase name="AppAutomation" time="0.007" classname="qaappium.Mavenjava.AppiumTest"/>
  <testcase name="Ui" time="0.001" classname="qaappium.Mavenjava.AppiumTest"/>
  <testcase name="DeleteTwitter" time="0.001" classname="qaappium.Mavenjava.RESTAPITest"/>
  <testcase name="PostJira" time="0.0" classname="qaappium.Mavenjava.RESTAPITest"/>
</testsuite> <!-- Test -->
