<?xml version="1.0" encoding="UTF-8"?>
<testng-results skipped="0" failed="0" ignored="0" total="4" passed="4">
  <reporter-output>
  </reporter-output>
  <suite name="Suite" duration-ms="65" started-at="2021-05-06T20:18:16 IST" finished-at="2021-05-06T20:18:16 IST">
    <groups>
    </groups>
    <test name="Test" duration-ms="65" started-at="2021-05-06T20:18:16 IST" finished-at="2021-05-06T20:18:16 IST">
      <class name="qaappium.Mavenjava.RESTAPITest">
        <test-method status="PASS" signature="DeleteTwitter()[pri:0, instance:qaappium.Mavenjava.RESTAPITest@3632be31]" name="DeleteTwitter" duration-ms="1" started-at="2021-05-06T20:18:16 IST" finished-at="2021-05-06T20:18:16 IST">
          <reporter-output>
          </reporter-output>
        </test-method> <!-- DeleteTwitter -->
        <test-method status="PASS" signature="PostJira()[pri:0, instance:qaappium.Mavenjava.RESTAPITest@3632be31]" name="PostJira" duration-ms="0" started-at="2021-05-06T20:18:16 IST" finished-at="2021-05-06T20:18:16 IST">
          <reporter-output>
          </reporter-output>
        </test-method> <!-- PostJira -->
      </class> <!-- qaappium.Mavenjava.RESTAPITest -->
      <class name="qaappium.Mavenjava.AppiumTest">
        <test-method status="PASS" signature="AppAutomation()[pri:0, instance:qaappium.Mavenjava.AppiumTest@4e1d422d]" name="AppAutomation" duration-ms="7" started-at="2021-05-06T20:18:16 IST" finished-at="2021-05-06T20:18:16 IST">
          <reporter-output>
          </reporter-output>
        </test-method> <!-- AppAutomation -->
        <test-method status="PASS" signature="Ui()[pri:0, instance:qaappium.Mavenjava.AppiumTest@4e1d422d]" name="Ui" duration-ms="1" started-at="2021-05-06T20:18:16 IST" finished-at="2021-05-06T20:18:16 IST">
          <reporter-output>
          </reporter-output>
        </test-method> <!-- Ui -->
      </class> <!-- qaappium.Mavenjava.AppiumTest -->
    </test> <!-- Test -->
  </suite> <!-- Suite -->
</testng-results>
